::1 - - [18/Apr/2016:13:19:11 +0000] "GET / HTTP/1.1" 404 13 "-" "Mozilla/5.0 (Windows NT 6.3; WOW64) AppleWebKit/537.36 (KHTML, like Gecko) Chrome/49.0.2623.110 Safari/537.36"
::1 - - [18/Apr/2016:13:20:04 +0000] "GET / HTTP/1.1" 200 16432 "-" "Mozilla/5.0 (Windows NT 6.3; WOW64) AppleWebKit/537.36 (KHTML, like Gecko) Chrome/49.0.2623.110 Safari/537.36"
::1 - - [18/Apr/2016:13:20:04 +0000] "GET /styles/main.css HTTP/1.1" 200 2733 "http://localhost:1080/" "Mozilla/5.0 (Windows NT 6.3; WOW64) AppleWebKit/537.36 (KHTML, like Gecko) Chrome/49.0.2623.110 Safari/537.36"
::1 - - [18/Apr/2016:13:20:04 +0000] "GET /styles/ergebnistabelle.css HTTP/1.1" 200 2178 "http://localhost:1080/" "Mozilla/5.0 (Windows NT 6.3; WOW64) AppleWebKit/537.36 (KHTML, like Gecko) Chrome/49.0.2623.110 Safari/537.36"
::1 - - [18/Apr/2016:13:20:04 +0000] "GET /styles/sticky-footer.css HTTP/1.1" 200 715 "http://localhost:1080/" "Mozilla/5.0 (Windows NT 6.3; WOW64) AppleWebKit/537.36 (KHTML, like Gecko) Chrome/49.0.2623.110 Safari/537.36"
::1 - - [18/Apr/2016:13:20:04 +0000] "GET /styles/bootstrap-select.css HTTP/1.1" 200 6905 "http://localhost:1080/" "Mozilla/5.0 (Windows NT 6.3; WOW64) AppleWebKit/537.36 (KHTML, like Gecko) Chrome/49.0.2623.110 Safari/537.36"
::1 - - [18/Apr/2016:13:20:04 +0000] "GET /styles/bootstrap-slider.min.css HTTP/1.1" 200 7255 "http://localhost:1080/" "Mozilla/5.0 (Windows NT 6.3; WOW64) AppleWebKit/537.36 (KHTML, like Gecko) Chrome/49.0.2623.110 Safari/537.36"
::1 - - [18/Apr/2016:13:20:04 +0000] "GET /scripts/bootstrap-slider.min.js HTTP/1.1" 200 26793 "http://localhost:1080/" "Mozilla/5.0 (Windows NT 6.3; WOW64) AppleWebKit/537.36 (KHTML, like Gecko) Chrome/49.0.2623.110 Safari/537.36"
::1 - - [18/Apr/2016:13:20:04 +0000] "GET /scripts/bootstrap-select.min.js HTTP/1.1" 200 30490 "http://localhost:1080/" "Mozilla/5.0 (Windows NT 6.3; WOW64) AppleWebKit/537.36 (KHTML, like Gecko) Chrome/49.0.2623.110 Safari/537.36"
::1 - - [18/Apr/2016:13:20:04 +0000] "GET /styles/bootstrap.min.css HTTP/1.1" 200 122544 "http://localhost:1080/" "Mozilla/5.0 (Windows NT 6.3; WOW64) AppleWebKit/537.36 (KHTML, like Gecko) Chrome/49.0.2623.110 Safari/537.36"
::1 - - [18/Apr/2016:13:20:04 +0000] "GET /scripts/jquery-2.1.4.min.js HTTP/1.1" 200 84349 "http://localhost:1080/" "Mozilla/5.0 (Windows NT 6.3; WOW64) AppleWebKit/537.36 (KHTML, like Gecko) Chrome/49.0.2623.110 Safari/537.36"
::1 - - [18/Apr/2016:13:20:04 +0000] "GET /scripts/bootstrap.min.js HTTP/1.1" 200 36822 "http://localhost:1080/" "Mozilla/5.0 (Windows NT 6.3; WOW64) AppleWebKit/537.36 (KHTML, like Gecko) Chrome/49.0.2623.110 Safari/537.36"
::1 - - [18/Apr/2016:13:20:04 +0000] "GET /scripts/Spielbericht.min.js HTTP/1.1" 200 53245 "http://localhost:1080/" "Mozilla/5.0 (Windows NT 6.3; WOW64) AppleWebKit/537.36 (KHTML, like Gecko) Chrome/49.0.2623.110 Safari/537.36"
::1 - - [18/Apr/2016:13:20:04 +0000] "GET /images/bdl-headerIcon_bw.png HTTP/1.1" 200 15041 "http://localhost:1080/" "Mozilla/5.0 (Windows NT 6.3; WOW64) AppleWebKit/537.36 (KHTML, like Gecko) Chrome/49.0.2623.110 Safari/537.36"
::1 - - [18/Apr/2016:13:20:04 +0000] "GET /styles/bootstrap-select.css.map HTTP/1.1" 404 44 "-" "Mozilla/5.0 (Windows NT 6.3; WOW64) AppleWebKit/537.36 (KHTML, like Gecko) Chrome/49.0.2623.110 Safari/537.36"
::1 - - [18/Apr/2016:13:20:04 +0000] "GET /data/ergebnisse.json HTTP/1.1" 200 3702 "http://localhost:1080/" "Mozilla/5.0 (Windows NT 6.3; WOW64) AppleWebKit/537.36 (KHTML, like Gecko) Chrome/49.0.2623.110 Safari/537.36"
::1 - - [18/Apr/2016:13:20:04 +0000] "GET /scripts/bootstrap-select.js.map HTTP/1.1" 404 44 "-" "Mozilla/5.0 (Windows NT 6.3; WOW64) AppleWebKit/537.36 (KHTML, like Gecko) Chrome/49.0.2623.110 Safari/537.36"
::1 - - [18/Apr/2016:13:20:23 +0000] "GET /bedelos/info HTTP/1.1" 404 985 "-" "Mozilla/5.0 (Windows NT 6.3; WOW64) AppleWebKit/537.36 (KHTML, like Gecko) Chrome/49.0.2623.110 Safari/537.36"
::1 - - [18/Apr/2016:13:20:41 +0000] "GET /info HTTP/1.1" 404 17 "-" "Mozilla/5.0 (Windows NT 6.3; WOW64) AppleWebKit/537.36 (KHTML, like Gecko) Chrome/49.0.2623.110 Safari/537.36"
::1 - - [18/Apr/2016:14:10:15 +0000] "GET /bedelos/info HTTP/1.1" 404 985 "-" "Mozilla/5.0 (Windows NT 6.3; WOW64) AppleWebKit/537.36 (KHTML, like Gecko) Chrome/49.0.2623.110 Safari/537.36"
::1 - - [18/Apr/2016:14:10:36 +0000] "GET /bedelos/info HTTP/1.1" 404 985 "-" "Mozilla/5.0 (Windows NT 6.3; WOW64) AppleWebKit/537.36 (KHTML, like Gecko) Chrome/49.0.2623.110 Safari/537.36"
::1 - - [18/Apr/2016:14:11:33 +0000] "GET /bedelos/info HTTP/1.1" 404 985 "-" "Mozilla/5.0 (Windows NT 6.3; WOW64) AppleWebKit/537.36 (KHTML, like Gecko) Chrome/49.0.2623.110 Safari/537.36"
::1 - - [18/Apr/2016:14:15:27 +0000] "GET /bedelos/info HTTP/1.1" 404 985 "-" "Mozilla/5.0 (Windows NT 6.3; WOW64) AppleWebKit/537.36 (KHTML, like Gecko) Chrome/49.0.2623.110 Safari/537.36"
::1 - - [18/Apr/2016:18:52:26 +0000] "GET /bedelos/info HTTP/1.1" 404 25 "-" "Mozilla/5.0 (Windows NT 6.3; WOW64) AppleWebKit/537.36 (KHTML, like Gecko) Chrome/49.0.2623.110 Safari/537.36"
::1 - - [18/Apr/2016:18:55:03 +0000] "GET /bedelos/info HTTP/1.1" 404 25 "-" "Mozilla/5.0 (Windows NT 6.3; WOW64) AppleWebKit/537.36 (KHTML, like Gecko) Chrome/49.0.2623.110 Safari/537.36"
::1 - - [18/Apr/2016:18:55:43 +0000] "GET /info HTTP/1.1" 404 17 "-" "Mozilla/5.0 (Windows NT 6.3; WOW64) AppleWebKit/537.36 (KHTML, like Gecko) Chrome/49.0.2623.110 Safari/537.36"
::1 - - [18/Apr/2016:18:55:52 +0000] "GET /bedelos/info HTTP/1.1" 404 25 "-" "Mozilla/5.0 (Windows NT 6.3; WOW64) AppleWebKit/537.36 (KHTML, like Gecko) Chrome/49.0.2623.110 Safari/537.36"
::1 - - [18/Apr/2016:19:04:00 +0000] "GET /bedelos/info HTTP/1.1" 404 985 "-" "Mozilla/5.0 (Windows NT 6.3; WOW64) AppleWebKit/537.36 (KHTML, like Gecko) Chrome/49.0.2623.110 Safari/537.36"
::1 - - [18/Apr/2016:19:06:42 +0000] "GET /bedelos/info HTTP/1.1" 404 985 "-" "Mozilla/5.0 (Windows NT 6.3; WOW64) AppleWebKit/537.36 (KHTML, like Gecko) Chrome/49.0.2623.110 Safari/537.36"
::1 - - [18/Apr/2016:19:21:39 +0000] "GET /bedelos/info HTTP/1.1" 404 985 "-" "Mozilla/5.0 (Windows NT 6.3; WOW64) AppleWebKit/537.36 (KHTML, like Gecko) Chrome/49.0.2623.110 Safari/537.36"
::1 - - [18/Apr/2016:19:21:41 +0000] "GET /bedelos/info HTTP/1.1" 404 985 "-" "Mozilla/5.0 (Windows NT 6.3; WOW64) AppleWebKit/537.36 (KHTML, like Gecko) Chrome/49.0.2623.110 Safari/537.36"
::1 - - [18/Apr/2016:19:27:01 +0000] "GET /bedelos/info HTTP/1.1" 404 985 "-" "Mozilla/5.0 (Windows NT 6.3; WOW64) AppleWebKit/537.36 (KHTML, like Gecko) Chrome/49.0.2623.110 Safari/537.36"
::1 - - [18/Apr/2016:19:27:20 +0000] "GET /bedelos/info HTTP/1.1" 404 985 "-" "Mozilla/5.0 (Windows NT 6.3; WOW64) AppleWebKit/537.36 (KHTML, like Gecko) Chrome/49.0.2623.110 Safari/537.36"
